<?xml version="1.0" encoding="UTF-8"?>
<testsuite name="br.com.helpdesk.helpdesk.HelpdeskApplicationTests" time="0.053" tests="1" errors="0" skipped="0" failures="0">
  <properties>
    <property name="java.runtime.name" value="Java(TM) SE Runtime Environment"/>
    <property name="sun.boot.library.path" value="E:\Java\jdk1.8.0_141\jre\bin"/>
    <property name="java.vm.version" value="25.141-b15"/>
    <property name="java.vm.vendor" value="Oracle Corporation"/>
    <property name="maven.multiModuleProjectDirectory" value="C:\Users\diego.santos\Desktop\helpdesk"/>
    <property name="java.vendor.url" value="http://java.oracle.com/"/>
    <property name="path.separator" value=";"/>
    <property name="guice.disable.misplaced.annotation.check" value="true"/>
    <property name="java.vm.name" value="Java HotSpot(TM) 64-Bit Server VM"/>
    <property name="file.encoding.pkg" value="sun.io"/>
    <property name="user.script" value=""/>
    <property name="user.country" value="BR"/>
    <property name="sun.java.launcher" value="SUN_STANDARD"/>
    <property name="sun.os.patch.level" value=""/>
    <property name="java.vm.specification.name" value="Java Virtual Machine Specification"/>
    <property name="user.dir" value="C:\Users\diego.santos\Desktop\helpdesk"/>
    <property name="java.runtime.version" value="1.8.0_141-b15"/>
    <property name="java.awt.graphicsenv" value="sun.awt.Win32GraphicsEnvironment"/>
    <property name="java.endorsed.dirs" value="E:\Java\jdk1.8.0_141\jre\lib\endorsed"/>
    <property name="os.arch" value="amd64"/>
    <property name="java.io.tmpdir" value="C:\Users\DIEGO~1.SAN\AppData\Local\Temp\"/>
    <property name="line.separator" value="&#10;"/>
    <property name="java.vm.specification.vendor" value="Oracle Corporation"/>
    <property name="user.variant" value=""/>
    <property name="os.name" value="Windows 10"/>
    <property name="classworlds.conf" value="E:\Desenv\Projetos\Projeto_Detran\.metadata\.plugins\org.eclipse.m2e.launching\launches\m2conf1815421333835137351.tmp"/>
    <property name="sun.jnu.encoding" value="Cp1252"/>
    <property name="java.library.path" value="E:\Java\jdk1.8.0_141\bin;C:\WINDOWS\Sun\Java\bin;C:\WINDOWS\system32;C:\WINDOWS;C:\ProgramData\Oracle\Java\javapath;C:\WINDOWS\system32;C:\WINDOWS;C:\WINDOWS\System32\Wbem;C:\WINDOWS\System32\WindowsPowerShell\v1.0\;C:\Program Files\TortoiseSVN\bin;C:\Program Files\Git\cmd;&quot;;E:\Java\jdk1.6.0_45\lib;E:\Java\jdk1.6.0_45\lib\tools.jar;E:\Java\jdk1.6.0_45\lib\dt.jar;E:\Java\jdk1.6.0_45\lib\htmlconverter.jar;E:\Java\jdk1.6.0_45\jre\lib;E:\Java\jdk1.6.0_45\jre\lib\rt.jar&quot;;C:\Program Files\MySQL\MySQL Utilities 1.6\;C:\Users\diego.santos\AppData\Local\Microsoft\WindowsApps;&quot;;E:\Java\jdk1.6.0_45\lib;E:\Java\jdk1.6.0_45\lib\tools.jar;E:\Java\jdk1.6.0_45\lib\dt.jar;E:\Java\jdk1.6.0_45\lib\htmlconverter.jar;E:\Java\jdk1.6.0_45\jre\lib;E:\Java\jdk1.6.0_45\jre\lib\rt.jar&quot;;;."/>
    <property name="java.specification.name" value="Java Platform API Specification"/>
    <property name="java.class.version" value="52.0"/>
    <property name="sun.management.compiler" value="HotSpot 64-Bit Tiered Compilers"/>
    <property name="os.version" value="10.0"/>
    <property name="user.home" value="C:\Users\diego.santos"/>
    <property name="user.timezone" value="America/Sao_Paulo"/>
    <property name="java.awt.printerjob" value="sun.awt.windows.WPrinterJob"/>
    <property name="java.specification.version" value="1.8"/>
    <property name="file.encoding" value="Cp1252"/>
    <property name="user.name" value="diego.santos"/>
    <property name="java.class.path" value="E:\Desenv\IDE\eclipse-oxygen\plugins\org.eclipse.m2e.maven.runtime_1.8.2.20171007-0216\jars\plexus-classworlds-2.5.2.jar"/>
    <property name="java.vm.specification.version" value="1.8"/>
    <property name="sun.arch.data.model" value="64"/>
    <property name="java.home" value="E:\Java\jdk1.8.0_141\jre"/>
    <property name="sun.java.command" value="org.codehaus.plexus.classworlds.launcher.Launcher -B install"/>
    <property name="java.specification.vendor" value="Oracle Corporation"/>
    <property name="user.language" value="pt"/>
    <property name="awt.toolkit" value="sun.awt.windows.WToolkit"/>
    <property name="java.vm.info" value="mixed mode"/>
    <property name="java.version" value="1.8.0_141"/>
    <property name="java.ext.dirs" value="E:\Java\jdk1.8.0_141\jre\lib\ext;C:\WINDOWS\Sun\Java\lib\ext"/>
    <property name="sun.boot.class.path" value="E:\Java\jdk1.8.0_141\jre\lib\resources.jar;E:\Java\jdk1.8.0_141\jre\lib\rt.jar;E:\Java\jdk1.8.0_141\jre\lib\sunrsasign.jar;E:\Java\jdk1.8.0_141\jre\lib\jsse.jar;E:\Java\jdk1.8.0_141\jre\lib\jce.jar;E:\Java\jdk1.8.0_141\jre\lib\charsets.jar;E:\Java\jdk1.8.0_141\jre\lib\jfr.jar;E:\Java\jdk1.8.0_141\jre\classes"/>
    <property name="java.vendor" value="Oracle Corporation"/>
    <property name="maven.home" value="C:\Users\diego.santos\Desktop\helpdesk\EMBEDDED"/>
    <property name="file.separator" value="\"/>
    <property name="java.vendor.url.bug" value="http://bugreport.sun.com/bugreport/"/>
    <property name="sun.cpu.endian" value="little"/>
    <property name="sun.io.unicode.encoding" value="UnicodeLittle"/>
    <property name="sun.desktop" value="windows"/>
    <property name="sun.cpu.isalist" value="amd64"/>
  </properties>
  <testcase name="contextLoads" classname="br.com.helpdesk.helpdesk.HelpdeskApplicationTests" time="0.053"/>
</testsuite>